# JRE version: OpenJDK Runtime Environment Temurin-21.0.10+7 (21.0.10+7) (build 21.0.10+7-LTS)
# Java VM: OpenJDK 64-Bit Server VM Temurin-21.0.10+7 (21.0.10+7-LTS, mixed mode, sharing, tiered, compressed oops, compressed class ptrs, parallel gc, windows-amd64)
GC Precious Log:
 CardTable entry size: 512
 CPUs: 8 total, 8 available
 Memory: 16167M
 Large Page Support: Disabled
 NUMA Support: Disabled
 Compressed Oops: Enabled (32-bit)
 Alignments: Space 512K, Generation 512K, Heap 2M
 Heap Min Capacity: 100M
 Heap Initial Capacity: 100M
 Heap Max Capacity: 2G
 Pre-touch: Disabled
 Parallel Workers: 8
Heap:
 PSYoungGen      total 3584K, used 797K [0x00000000d5580000, 0x00000000d5a00000, 0x0000000100000000)
  eden space 3072K, 16% used [0x00000000d5580000,0x00000000d55fb920,0x00000000d5880000)
  from space 512K, 68% used [0x00000000d5900000,0x00000000d59576a8,0x00000000d5980000)
  to   space 512K, 0% used [0x00000000d5980000,0x00000000d5980000,0x00000000d5a00000)
 ParOldGen       total 97792K, used 97641K [0x0000000080000000, 0x0000000085f80000, 0x00000000d5580000)
  object space 97792K, 99% used [0x0000000080000000,0x0000000085f5a680,0x0000000085f80000)
 Metaspace       used 74981K, committed 76544K, reserved 1179648K
  class space    used 7973K, committed 8640K, reserved 1048576K
GC Heap History (20 events):
Event: 318.119 GC heap before
{Heap before GC invocations=308 (full 4):
 PSYoungGen      total 3584K, used 3200K [0x00000000d5580000, 0x00000000d5a00000, 0x0000000100000000)
  eden space 3072K, 100% used [0x00000000d5580000,0x00000000d5880000,0x00000000d5880000)
  from space 512K, 25% used [0x00000000d5900000,0x00000000d5920000,0x00000000d5980000)
  to   space 512K, 0% used [0x00000000d5980000,0x00000000d5980000,0x00000000d5a00000)
 ParOldGen       total 97792K, used 95972K [0x0000000080000000, 0x0000000085f80000, 0x00000000d5580000)
  object space 97792K, 98% used [0x0000000080000000,0x0000000085db9240,0x0000000085f80000)
 Metaspace       used 74969K, committed 76544K, reserved 1179648K
  class space    used 7971K, committed 8640K, reserved 1048576K
}
Event: 318.120 GC heap after
{Heap after GC invocations=308 (full 4):
 PSYoungGen      total 3584K, used 160K [0x00000000d5580000, 0x00000000d5a00000, 0x0000000100000000)
  eden space 3072K, 0% used [0x00000000d5580000,0x00000000d5580000,0x00000000d5880000)
  from space 512K, 31% used [0x00000000d5980000,0x00000000d59a8000,0x00000000d5a00000)
  to   space 512K, 0% used [0x00000000d5900000,0x00000000d5900000,0x00000000d5980000)
 ParOldGen       total 97792K, used 96052K [0x0000000080000000, 0x0000000085f80000, 0x00000000d5580000)
  object space 97792K, 98% used [0x0000000080000000,0x0000000085dcd240,0x0000000085f80000)
 Metaspace       used 74969K, committed 76544K, reserved 1179648K
  class space    used 7971K, committed 8640K, reserved 1048576K
}
Event: 318.130 GC heap before
{Heap before GC invocations=309 (full 4):
 PSYoungGen      total 3584K, used 3232K [0x00000000d5580000, 0x00000000d5a00000, 0x0000000100000000)
  eden space 3072K, 100% used [0x00000000d5580000,0x00000000d5880000,0x00000000d5880000)
  from space 512K, 31% used [0x00000000d5980000,0x00000000d59a8000,0x00000000d5a00000)
  to   space 512K, 0% used [0x00000000d5900000,0x00000000d5900000,0x00000000d5980000)
 ParOldGen       total 97792K, used 96052K [0x0000000080000000, 0x0000000085f80000, 0x00000000d5580000)
  object space 97792K, 98% used [0x0000000080000000,0x0000000085dcd240,0x0000000085f80000)
 Metaspace       used 74969K, committed 76544K, reserved 1179648K
  class space    used 7971K, committed 8640K, reserved 1048576K
}
Event: 318.131 GC heap after
{Heap after GC invocations=309 (full 4):
 PSYoungGen      total 3584K, used 369K [0x00000000d5580000, 0x00000000d5a00000, 0x0000000100000000)
  eden space 3072K, 0% used [0x00000000d5580000,0x00000000d5580000,0x00000000d5880000)
  from space 512K, 72% used [0x00000000d5900000,0x00000000d595c7d0,0x00000000d5980000)
  to   space 512K, 0% used [0x00000000d5980000,0x00000000d5980000,0x00000000d5a00000)
 ParOldGen       total 97792K, used 96132K [0x0000000080000000, 0x0000000085f80000, 0x00000000d5580000)
  object space 97792K, 98% used [0x0000000080000000,0x0000000085de1250,0x0000000085f80000)
 Metaspace       used 74969K, committed 76544K, reserved 1179648K
  class space    used 7971K, committed 8640K, reserved 1048576K
}
Event: 318.138 GC heap before
{Heap before GC invocations=310 (full 4):
 PSYoungGen      total 3584K, used 3441K [0x00000000d5580000, 0x00000000d5a00000, 0x0000000100000000)
  eden space 3072K, 100% used [0x00000000d5580000,0x00000000d5880000,0x00000000d5880000)
  from space 512K, 72% used [0x00000000d5900000,0x00000000d595c7d0,0x00000000d5980000)
  to   space 512K, 0% used [0x00000000d5980000,0x00000000d5980000,0x00000000d5a00000)
 ParOldGen       total 97792K, used 96132K [0x0000000080000000, 0x0000000085f80000, 0x00000000d5580000)
  object space 97792K, 98% used [0x0000000080000000,0x0000000085de1250,0x0000000085f80000)
 Metaspace       used 74969K, committed 76544K, reserved 1179648K
  class space    used 7971K, committed 8640K, reserved 1048576K
}
Event: 318.139 GC heap after
{Heap after GC invocations=310 (full 4):
 PSYoungGen      total 3584K, used 256K [0x00000000d5580000, 0x00000000d5a00000, 0x0000000100000000)
  eden space 3072K, 0% used [0x00000000d5580000,0x00000000d5580000,0x00000000d5880000)
  from space 512K, 50% used [0x00000000d5980000,0x00000000d59c0000,0x00000000d5a00000)
  to   space 512K, 0% used [0x00000000d5900000,0x00000000d5900000,0x00000000d5980000)
 ParOldGen       total 97792K, used 96228K [0x0000000080000000, 0x0000000085f80000, 0x00000000d5580000)
  object space 97792K, 98% used [0x0000000080000000,0x0000000085df9250,0x0000000085f80000)
 Metaspace       used 74969K, committed 76544K, reserved 1179648K
  class space    used 7971K, committed 8640K, reserved 1048576K
}
Event: 318.149 GC heap before
{Heap before GC invocations=311 (full 4):
 PSYoungGen      total 3584K, used 3328K [0x00000000d5580000, 0x00000000d5a00000, 0x0000000100000000)
  eden space 3072K, 100% used [0x00000000d5580000,0x00000000d5880000,0x00000000d5880000)
  from space 512K, 50% used [0x00000000d5980000,0x00000000d59c0000,0x00000000d5a00000)
  to   space 512K, 0% used [0x00000000d5900000,0x00000000d5900000,0x00000000d5980000)
 ParOldGen       total 97792K, used 96228K [0x0000000080000000, 0x0000000085f80000, 0x00000000d5580000)
  object space 97792K, 98% used [0x0000000080000000,0x0000000085df9250,0x0000000085f80000)
 Metaspace       used 74969K, committed 76544K, reserved 1179648K
  class space    used 7971K, committed 8640K, reserved 1048576K
}
Event: 318.149 GC heap after
{Heap after GC invocations=311 (full 4):
 PSYoungGen      total 3584K, used 351K [0x00000000d5580000, 0x00000000d5a00000, 0x0000000100000000)
  eden space 3072K, 0% used [0x00000000d5580000,0x00000000d5580000,0x00000000d5880000)
  from space 512K, 68% used [0x00000000d5900000,0x00000000d5957c48,0x00000000d5980000)
  to   space 512K, 0% used [0x00000000d5980000,0x00000000d5980000,0x00000000d5a00000)
 ParOldGen       total 97792K, used 96268K [0x0000000080000000, 0x0000000085f80000, 0x00000000d5580000)
  object space 97792K, 98% used [0x0000000080000000,0x0000000085e03250,0x0000000085f80000)
 Metaspace       used 74969K, committed 76544K, reserved 1179648K
  class space    used 7971K, committed 8640K, reserved 1048576K
}
Event: 318.156 GC heap before
{Heap before GC invocations=312 (full 4):
 PSYoungGen      total 3584K, used 3423K [0x00000000d5580000, 0x00000000d5a00000, 0x0000000100000000)
  eden space 3072K, 100% used [0x00000000d5580000,0x00000000d5880000,0x00000000d5880000)
  from space 512K, 68% used [0x00000000d5900000,0x00000000d5957c48,0x00000000d5980000)
  to   space 512K, 0% used [0x00000000d5980000,0x00000000d5980000,0x00000000d5a00000)
 ParOldGen       total 97792K, used 96268K [0x0000000080000000, 0x0000000085f80000, 0x00000000d5580000)
  object space 97792K, 98% used [0x0000000080000000,0x0000000085e03250,0x0000000085f80000)
 Metaspace       used 74969K, committed 76544K, reserved 1179648K
  class space    used 7971K, committed 8640K, reserved 1048576K
}
Event: 318.157 GC heap after
{Heap after GC invocations=312 (full 4):
 PSYoungGen      total 3584K, used 363K [0x00000000d5580000, 0x00000000d5a00000, 0x0000000100000000)
  eden space 3072K, 0% used [0x00000000d5580000,0x00000000d5580000,0x00000000d5880000)
  from space 512K, 70% used [0x00000000d5980000,0x00000000d59dad60,0x00000000d5a00000)
  to   space 512K, 0% used [0x00000000d5900000,0x00000000d5900000,0x00000000d5980000)
 ParOldGen       total 97792K, used 96342K [0x0000000080000000, 0x0000000085f80000, 0x00000000d5580000)
  object space 97792K, 98% used [0x0000000080000000,0x0000000085e15a90,0x0000000085f80000)
 Metaspace       used 74969K, committed 76544K, reserved 1179648K
  class space    used 7971K, committed 8640K, reserved 1048576K
}
Event: 318.174 GC heap before
{Heap before GC invocations=313 (full 4):
 PSYoungGen      total 3584K, used 3435K [0x00000000d5580000, 0x00000000d5a00000, 0x0000000100000000)
  eden space 3072K, 100% used [0x00000000d5580000,0x00000000d5880000,0x00000000d5880000)
  from space 512K, 70% used [0x00000000d5980000,0x00000000d59dad60,0x00000000d5a00000)
  to   space 512K, 0% used [0x00000000d5900000,0x00000000d5900000,0x00000000d5980000)
 ParOldGen       total 97792K, used 96342K [0x0000000080000000, 0x0000000085f80000, 0x00000000d5580000)
  object space 97792K, 98% used [0x0000000080000000,0x0000000085e15a90,0x0000000085f80000)
 Metaspace       used 74969K, committed 76544K, reserved 1179648K
  class space    used 7971K, committed 8640K, reserved 1048576K
}
Event: 318.177 GC heap after
{Heap after GC invocations=313 (full 4):
 PSYoungGen      total 3584K, used 256K [0x00000000d5580000, 0x00000000d5a00000, 0x0000000100000000)
  eden space 3072K, 0% used [0x00000000d5580000,0x00000000d5580000,0x00000000d5880000)
  from space 512K, 50% used [0x00000000d5900000,0x00000000d5940000,0x00000000d5980000)
  to   space 512K, 0% used [0x00000000d5980000,0x00000000d5980000,0x00000000d5a00000)
 ParOldGen       total 97792K, used 96422K [0x0000000080000000, 0x0000000085f80000, 0x00000000d5580000)
  object space 97792K, 98% used [0x0000000080000000,0x0000000085e29aa0,0x0000000085f80000)
 Metaspace       used 74969K, committed 76544K, reserved 1179648K
  class space    used 7971K, committed 8640K, reserved 1048576K
}
Event: 318.188 GC heap before
{Heap before GC invocations=314 (full 4):
 PSYoungGen      total 3584K, used 3328K [0x00000000d5580000, 0x00000000d5a00000, 0x0000000100000000)
  eden space 3072K, 100% used [0x00000000d5580000,0x00000000d5880000,0x00000000d5880000)
  from space 512K, 50% used [0x00000000d5900000,0x00000000d5940000,0x00000000d5980000)
  to   space 512K, 0% used [0x00000000d5980000,0x00000000d5980000,0x00000000d5a00000)
 ParOldGen       total 97792K, used 96422K [0x0000000080000000, 0x0000000085f80000, 0x00000000d5580000)
  object space 97792K, 98% used [0x0000000080000000,0x0000000085e29aa0,0x0000000085f80000)
 Metaspace       used 74969K, committed 76544K, reserved 1179648K
  class space    used 7971K, committed 8640K, reserved 1048576K
}
Event: 318.189 GC heap after
{Heap after GC invocations=314 (full 4):
 PSYoungGen      total 3584K, used 310K [0x00000000d5580000, 0x00000000d5a00000, 0x0000000100000000)
  eden space 3072K, 0% used [0x00000000d5580000,0x00000000d5580000,0x00000000d5880000)
  from space 512K, 60% used [0x00000000d5980000,0x00000000d59cd880,0x00000000d5a00000)
  to   space 512K, 0% used [0x00000000d5900000,0x00000000d5900000,0x00000000d5980000)
 ParOldGen       total 97792K, used 96446K [0x0000000080000000, 0x0000000085f80000, 0x00000000d5580000)
  object space 97792K, 98% used [0x0000000080000000,0x0000000085e2faa0,0x0000000085f80000)
 Metaspace       used 74969K, committed 76544K, reserved 1179648K
  class space    used 7971K, committed 8640K, reserved 1048576K
}
Event: 318.195 GC heap before
{Heap before GC invocations=315 (full 4):
 PSYoungGen      total 3584K, used 3382K [0x00000000d5580000, 0x00000000d5a00000, 0x0000000100000000)
  eden space 3072K, 100% used [0x00000000d5580000,0x00000000d5880000,0x00000000d5880000)
  from space 512K, 60% used [0x00000000d5980000,0x00000000d59cd880,0x00000000d5a00000)
  to   space 512K, 0% used [0x00000000d5900000,0x00000000d5900000,0x00000000d5980000)
 ParOldGen       total 97792K, used 96446K [0x0000000080000000, 0x0000000085f80000, 0x00000000d5580000)
  object space 97792K, 98% used [0x0000000080000000,0x0000000085e2faa0,0x0000000085f80000)
 Metaspace       used 74969K, committed 76544K, reserved 1179648K
  class space    used 7971K, committed 8640K, reserved 1048576K
}
Event: 318.196 GC heap after
{Heap after GC invocations=315 (full 4):
 PSYoungGen      total 3584K, used 345K [0x00000000d5580000, 0x00000000d5a00000, 0x0000000100000000)
  eden space 3072K, 0% used [0x00000000d5580000,0x00000000d5580000,0x00000000d5880000)
  from space 512K, 67% used [0x00000000d5900000,0x00000000d5956588,0x00000000d5980000)
  to   space 512K, 0% used [0x00000000d5980000,0x00000000d5980000,0x00000000d5a00000)
 ParOldGen       total 97792K, used 96486K [0x0000000080000000, 0x0000000085f80000, 0x00000000d5580000)
  object space 97792K, 98% used [0x0000000080000000,0x0000000085e39aa0,0x0000000085f80000)
 Metaspace       used 74969K, committed 76544K, reserved 1179648K
  class space    used 7971K, committed 8640K, reserved 1048576K
}
Event: 318.199 GC heap before
{Heap before GC invocations=316 (full 4):
 PSYoungGen      total 3584K, used 3417K [0x00000000d5580000, 0x00000000d5a00000, 0x0000000100000000)
  eden space 3072K, 100% used [0x00000000d5580000,0x00000000d5880000,0x00000000d5880000)
  from space 512K, 67% used [0x00000000d5900000,0x00000000d5956588,0x00000000d5980000)
  to   space 512K, 0% used [0x00000000d5980000,0x00000000d5980000,0x00000000d5a00000)
 ParOldGen       total 97792K, used 96486K [0x0000000080000000, 0x0000000085f80000, 0x00000000d5580000)
  object space 97792K, 98% used [0x0000000080000000,0x0000000085e39aa0,0x0000000085f80000)
 Metaspace       used 74969K, committed 76544K, reserved 1179648K
  class space    used 7971K, committed 8640K, reserved 1048576K
}
Event: 318.200 GC heap after
{Heap after GC invocations=316 (full 4):
 PSYoungGen      total 3584K, used 286K [0x00000000d5580000, 0x00000000d5a00000, 0x0000000100000000)
  eden space 3072K, 0% used [0x00000000d5580000,0x00000000d5580000,0x00000000d5880000)
  from space 512K, 55% used [0x00000000d5980000,0x00000000d59c7930,0x00000000d5a00000)
  to   space 512K, 0% used [0x00000000d5900000,0x00000000d5900000,0x00000000d5980000)
 ParOldGen       total 97792K, used 96668K [0x0000000080000000, 0x0000000085f80000, 0x00000000d5580000)
  object space 97792K, 98% used [0x0000000080000000,0x0000000085e67270,0x0000000085f80000)
 Metaspace       used 74969K, committed 76544K, reserved 1179648K
  class space    used 7971K, committed 8640K, reserved 1048576K
}
Event: 318.216 GC heap before
{Heap before GC invocations=317 (full 4):
 PSYoungGen      total 3584K, used 3358K [0x00000000d5580000, 0x00000000d5a00000, 0x0000000100000000)
  eden space 3072K, 100% used [0x00000000d5580000,0x00000000d5880000,0x00000000d5880000)
  from space 512K, 55% used [0x00000000d5980000,0x00000000d59c7930,0x00000000d5a00000)
  to   space 512K, 0% used [0x00000000d5900000,0x00000000d5900000,0x00000000d5980000)
 ParOldGen       total 97792K, used 96668K [0x0000000080000000, 0x0000000085f80000, 0x00000000d5580000)
  object space 97792K, 98% used [0x0000000080000000,0x0000000085e67270,0x0000000085f80000)
 Metaspace       used 74969K, committed 76544K, reserved 1179648K
  class space    used 7971K, committed 8640K, reserved 1048576K
}
Event: 318.218 GC heap after
{Heap after GC invocations=317 (full 4):
 PSYoungGen      total 3584K, used 474K [0x00000000d5580000, 0x00000000d5a00000, 0x0000000100000000)
  eden space 3072K, 0% used [0x00000000d5580000,0x00000000d5580000,0x00000000d5880000)
  from space 512K, 92% used [0x00000000d5900000,0x00000000d5976900,0x00000000d5980000)
  to   space 512K, 0% used [0x00000000d5980000,0x00000000d5980000,0x00000000d5a00000)
 ParOldGen       total 97792K, used 96804K [0x0000000080000000, 0x0000000085f80000, 0x00000000d5580000)
  object space 97792K, 98% used [0x0000000080000000,0x0000000085e89270,0x0000000085f80000)
 Metaspace       used 74969K, committed 76544K, reserved 1179648K
  class space    used 7971K, committed 8640K, reserved 1048576K
}

